\BOOKMARK [0][-]{chapter.1}{\376\377\176\352\213\272}{}% 1
\BOOKMARK [1][-]{section.1.1}{\376\377\151\202\217\360}{chapter.1}% 2
\BOOKMARK [1][-]{section.1.2}{\376\377\150\074\137\017\211\201\154\102}{chapter.1}% 3
\BOOKMARK [1][-]{section.1.3}{\376\377\124\004\202\202\116\000\176\247\150\007\230\230}{chapter.1}% 4
\BOOKMARK [2][-]{subsection.1.3.1}{\376\377\124\004\202\202\116\214\176\247\150\007\230\230}{section.1.3}% 5
\BOOKMARK [1][-]{section.1.4}{\376\377\133\127\117\123\133\127\123\367}{chapter.1}% 6
\BOOKMARK [1][-]{section.1.5}{\376\377\177\026\213\321}{chapter.1}% 7
\BOOKMARK [0][-]{chapter.2}{\376\377\121\154\137\017\143\322\126\376\210\150\150\074}{}% 8
\BOOKMARK [1][-]{section.2.1}{\376\377\121\154\137\017\166\204\117\177\165\050}{chapter.2}% 9
\BOOKMARK [1][-]{section.2.2}{\376\377\143\322\126\376\166\204\117\177\165\050}{chapter.2}% 10
\BOOKMARK [1][-]{section.2.3}{\376\377\210\150\150\074\166\204\117\177\165\050}{chapter.2}% 11
\BOOKMARK [2][-]{subsection.2.3.1}{\376\377\146\156\220\032\210\150\150\074}{section.2.3}% 12
\BOOKMARK [2][-]{subsection.2.3.2}{\376\377\215\350\230\165\210\150\150\074}{section.2.3}% 13
\BOOKMARK [2][-]{subsection.2.3.3}{\376\377\176\337\213\241\210\150\150\074}{section.2.3}% 14
\BOOKMARK [1][-]{section.2.4}{\376\377\122\027\210\150\166\204\117\177\165\050}{chapter.2}% 15
\BOOKMARK [2][-]{subsection.2.4.1}{\376\377\147\011\136\217\122\027\210\150}{section.2.4}% 16
\BOOKMARK [2][-]{subsection.2.4.2}{\376\377\116\015\213\241\145\160\122\027\210\150}{section.2.4}% 17
\BOOKMARK [1][-]{section.2.5}{\376\377\133\232\164\006\166\204\117\177\165\050}{chapter.2}% 18
\BOOKMARK [0][-]{chapter.3}{\376\377\137\025\165\050\116\016\224\376\143\245}{}% 19
\BOOKMARK [1][-]{section.3.1}{\376\377\201\032\154\350}{chapter.3}% 20
\BOOKMARK [1][-]{section.3.2}{\376\377\137\025\165\050\145\207\116\055\134\017\202\202}{chapter.3}% 21
\BOOKMARK [1][-]{section.3.3}{\376\377\137\025\165\050\123\302\200\003\145\207\163\056}{chapter.3}% 22
\BOOKMARK [1][-]{section.3.4}{\376\377\224\376\143\245\166\370\121\163}{chapter.3}% 23
\BOOKMARK [0][-]{chapter.4}{\376\377\121\166\133\203\150\074\137\017}{}% 24
\BOOKMARK [1][-]{section.4.1}{\376\377\116\343\170\001}{chapter.4}% 25
\BOOKMARK [2][-]{subsection.4.1.1}{\376\377\123\237\131\313\116\343\170\001}{section.4.1}% 26
\BOOKMARK [2][-]{subsection.4.1.2}{\376\377\116\343\170\001\232\330\116\256}{section.4.1}% 27
\BOOKMARK [2][-]{subsection.4.1.3}{\376\377\173\227\154\325\143\317\217\360\000/\117\052\116\343\170\001}{section.4.1}% 28
\BOOKMARK [1][-]{section.4.2}{\376\377\176\330\126\376}{chapter.4}% 29
\BOOKMARK [1][-]{section.4.3}{\376\377\121\231\127\050\147\000\124\016}{chapter.4}% 30
\BOOKMARK [0][-]{section*.5}{\376\377\123\302\200\003\145\207\163\056}{}% 31
\BOOKMARK [0][-]{section*.7}{\376\377\201\364\214\042}{}% 32
\BOOKMARK [0][-]{appendix.A}{\376\377\145\160\143\156}{}% 33
\BOOKMARK [1][-]{section.A.1}{\376\377\173\054\116\000\116\052\155\113\213\325}{appendix.A}% 34
